<?xml version="1.0" encoding="UTF-8"?>
<testsuite xmlns:xsi="http://www.w3.org/2001/XMLSchema-instance" xsi:noNamespaceSchemaLocation="https://maven.apache.org/surefire/maven-surefire-plugin/xsd/surefire-test-report.xsd" name="TestSuite" time="33.501" tests="5" errors="0" skipped="0" failures="0">
  <properties>
[...]
</properties>
  <testcase name="runScenario" classname="com.automation.runners.SalesforceRunner" time="9.255"/>
  <testcase name="runScenario" classname="com.automation.runners.SalesforceRunner" time="4.587"/>
  <testcase name="runScenario" classname="com.automation.runners.SalesforceRunner" time="10.094"/>
  <testcase name="runScenario" classname="com.automation.runners.SalesforceRunner" time="3.899"/>
  <testcase name="runScenario" classname="com.automation.runners.SalesforceRunner" time="4.247"/>
</testsuite>