<?xml version="1.0" encoding="UTF-8"?>
<testng-results ignored="0" total="5" passed="5" failed="0" skipped="0">
  <reporter-output>
  </reporter-output>
  <suite started-at="2024-02-26T09:54:07 EST" name="Suite" finished-at="2024-02-26T09:54:40 EST" duration-ms="33047">
    <groups>
      <group name="cucumber">
        <method signature="AbstractTestNGCucumberTests.runScenario(io.cucumber.testng.PickleWrapper,io.cucumber.testng.FeatureWrapper)[pri:0, instance:com.automation.runners.SalesforceRunner@72f926e6]" name="runScenario" class="io.cucumber.testng.AbstractTestNGCucumberTests"/>
      </group> <!-- cucumber -->
    </groups>
    <test started-at="2024-02-26T09:54:07 EST" name="chromeTest" finished-at="2024-02-26T09:54:40 EST" duration-ms="33047">
      <class name="com.automation.runners.SalesforceRunner">
        <test-method is-config="true" signature="setUpClass(org.testng.ITestContext)[pri:0, instance:com.automation.runners.SalesforceRunner@72f926e6]" started-at="2024-02-26T09:54:07 EST" name="setUpClass" finished-at="2024-02-26T09:54:08 EST" duration-ms="897" status="PASS">
          <params>
            <param index="0">
              <value>
                <![CDATA[org.testng.TestRunner@4fd7b79]]>
              </value>
            </param>
          </params>
          <reporter-output>
          </reporter-output>
        </test-method> <!-- setUpClass -->
        <test-method signature="runScenario(io.cucumber.testng.PickleWrapper,io.cucumber.testng.FeatureWrapper)[pri:0, instance:com.automation.runners.SalesforceRunner@72f926e6]" started-at="2024-02-26T09:54:08 EST" name="runScenario" description="Runs Cucumber Scenarios" data-provider="scenarios" finished-at="2024-02-26T09:54:18 EST" duration-ms="9248" status="PASS">
          <params>
            <param index="0">
              <value>
                <![CDATA["login to salesforce using valid username and password"]]>
              </value>
            </param>
            <param index="1">
              <value>
                <![CDATA["implementing salesforce login"]]>
              </value>
            </param>
          </params>
          <reporter-output>
          </reporter-output>
        </test-method> <!-- runScenario -->
        <test-method signature="runScenario(io.cucumber.testng.PickleWrapper,io.cucumber.testng.FeatureWrapper)[pri:0, instance:com.automation.runners.SalesforceRunner@72f926e6]" started-at="2024-02-26T09:54:18 EST" name="runScenario" description="Runs Cucumber Scenarios" data-provider="scenarios" finished-at="2024-02-26T09:54:22 EST" duration-ms="4587" status="PASS">
          <params>
            <param index="0">
              <value>
                <![CDATA["login to salesforce using valid username and no password"]]>
              </value>
            </param>
            <param index="1">
              <value>
                <![CDATA["implementing salesforce login"]]>
              </value>
            </param>
          </params>
          <reporter-output>
          </reporter-output>
        </test-method> <!-- runScenario -->
        <test-method signature="runScenario(io.cucumber.testng.PickleWrapper,io.cucumber.testng.FeatureWrapper)[pri:0, instance:com.automation.runners.SalesforceRunner@72f926e6]" started-at="2024-02-26T09:54:22 EST" name="runScenario" description="Runs Cucumber Scenarios" data-provider="scenarios" finished-at="2024-02-26T09:54:32 EST" duration-ms="10093" status="PASS">
          <params>
            <param index="0">
              <value>
                <![CDATA["login to salesforce with valid username and password and check rememberme option"]]>
              </value>
            </param>
            <param index="1">
              <value>
                <![CDATA["implementing salesforce login"]]>
              </value>
            </param>
          </params>
          <reporter-output>
          </reporter-output>
        </test-method> <!-- runScenario -->
        <test-method signature="runScenario(io.cucumber.testng.PickleWrapper,io.cucumber.testng.FeatureWrapper)[pri:0, instance:com.automation.runners.SalesforceRunner@72f926e6]" started-at="2024-02-26T09:54:32 EST" name="runScenario" description="Runs Cucumber Scenarios" data-provider="scenarios" finished-at="2024-02-26T09:54:36 EST" duration-ms="3898" status="PASS">
          <params>
            <param index="0">
              <value>
                <![CDATA["Forgot your Password Link validation"]]>
              </value>
            </param>
            <param index="1">
              <value>
                <![CDATA["implementing salesforce login"]]>
              </value>
            </param>
          </params>
          <reporter-output>
          </reporter-output>
        </test-method> <!-- runScenario -->
        <test-method signature="runScenario(io.cucumber.testng.PickleWrapper,io.cucumber.testng.FeatureWrapper)[pri:0, instance:com.automation.runners.SalesforceRunner@72f926e6]" started-at="2024-02-26T09:54:36 EST" name="runScenario" description="Runs Cucumber Scenarios" data-provider="scenarios" finished-at="2024-02-26T09:54:40 EST" duration-ms="4247" status="PASS">
          <params>
            <param index="0">
              <value>
                <![CDATA["login to salesforce with invalid username and invalid password"]]>
              </value>
            </param>
            <param index="1">
              <value>
                <![CDATA["implementing salesforce login"]]>
              </value>
            </param>
          </params>
          <reporter-output>
          </reporter-output>
        </test-method> <!-- runScenario -->
        <test-method is-config="true" signature="tearDownClass()[pri:0, instance:com.automation.runners.SalesforceRunner@72f926e6]" started-at="2024-02-26T09:54:40 EST" name="tearDownClass" finished-at="2024-02-26T09:54:40 EST" duration-ms="31" status="PASS">
          <reporter-output>
          </reporter-output>
        </test-method> <!-- tearDownClass -->
      </class> <!-- com.automation.runners.SalesforceRunner -->
    </test> <!-- chromeTest -->
  </suite> <!-- Suite -->
</testng-results>
