<?xml version="1.0" encoding="UTF-8"?>
<testng-results ignored="0" total="5" passed="5" failed="0" skipped="0">
  <reporter-output>
  </reporter-output>
  <suite started-at="2024-02-24T15:49:08 EST" name="Default suite" finished-at="2024-02-24T15:49:08 EST" duration-ms="735">
    <groups>
      <group name="cucumber">
        <method signature="AbstractTestNGCucumberTests.runScenario(io.cucumber.testng.PickleWrapper,io.cucumber.testng.FeatureWrapper)[pri:0, instance:com.automation.runners.SalesforceRunner@dd05255]" name="runScenario" class="io.cucumber.testng.AbstractTestNGCucumberTests"/>
      </group> <!-- cucumber -->
    </groups>
    <test started-at="2024-02-24T15:49:08 EST" name="Default test" finished-at="2024-02-24T15:49:08 EST" duration-ms="735">
      <class name="com.automation.runners.SalesforceRunner">
        <test-method is-config="true" signature="setUpClass(org.testng.ITestContext)[pri:0, instance:com.automation.runners.SalesforceRunner@dd05255]" started-at="2024-02-24T15:49:08 EST" name="setUpClass" finished-at="2024-02-24T15:49:08 EST" duration-ms="491" status="PASS">
          <params>
            <param index="0">
              <value>
                <![CDATA[org.testng.TestRunner@fff25f1]]>
              </value>
            </param>
          </params>
          <reporter-output>
          </reporter-output>
        </test-method> <!-- setUpClass -->
        <test-method signature="runScenario(io.cucumber.testng.PickleWrapper,io.cucumber.testng.FeatureWrapper)[pri:0, instance:com.automation.runners.SalesforceRunner@dd05255]" started-at="2024-02-24T15:49:08 EST" name="runScenario" description="Runs Cucumber Scenarios" data-provider="scenarios" finished-at="2024-02-24T15:49:08 EST" duration-ms="108" status="PASS">
          <params>
            <param index="0">
              <value>
                <![CDATA["login to salesforce using valid username and password"]]>
              </value>
            </param>
            <param index="1">
              <value>
                <![CDATA["implementing salesforce login"]]>
              </value>
            </param>
          </params>
          <reporter-output>
          </reporter-output>
        </test-method> <!-- runScenario -->
        <test-method signature="runScenario(io.cucumber.testng.PickleWrapper,io.cucumber.testng.FeatureWrapper)[pri:0, instance:com.automation.runners.SalesforceRunner@dd05255]" started-at="2024-02-24T15:49:08 EST" name="runScenario" description="Runs Cucumber Scenarios" data-provider="scenarios" finished-at="2024-02-24T15:49:08 EST" duration-ms="16" status="PASS">
          <params>
            <param index="0">
              <value>
                <![CDATA["login to salesforce using valid username and no password"]]>
              </value>
            </param>
            <param index="1">
              <value>
                <![CDATA["implementing salesforce login"]]>
              </value>
            </param>
          </params>
          <reporter-output>
          </reporter-output>
        </test-method> <!-- runScenario -->
        <test-method signature="runScenario(io.cucumber.testng.PickleWrapper,io.cucumber.testng.FeatureWrapper)[pri:0, instance:com.automation.runners.SalesforceRunner@dd05255]" started-at="2024-02-24T15:49:08 EST" name="runScenario" description="Runs Cucumber Scenarios" data-provider="scenarios" finished-at="2024-02-24T15:49:08 EST" duration-ms="21" status="PASS">
          <params>
            <param index="0">
              <value>
                <![CDATA["login to salesforce with valid username and password and check rememberme option"]]>
              </value>
            </param>
            <param index="1">
              <value>
                <![CDATA["implementing salesforce login"]]>
              </value>
            </param>
          </params>
          <reporter-output>
          </reporter-output>
        </test-method> <!-- runScenario -->
        <test-method signature="runScenario(io.cucumber.testng.PickleWrapper,io.cucumber.testng.FeatureWrapper)[pri:0, instance:com.automation.runners.SalesforceRunner@dd05255]" started-at="2024-02-24T15:49:08 EST" name="runScenario" description="Runs Cucumber Scenarios" data-provider="scenarios" finished-at="2024-02-24T15:49:08 EST" duration-ms="13" status="PASS">
          <params>
            <param index="0">
              <value>
                <![CDATA["Forgot your Password Link validation"]]>
              </value>
            </param>
            <param index="1">
              <value>
                <![CDATA["implementing salesforce login"]]>
              </value>
            </param>
          </params>
          <reporter-output>
          </reporter-output>
        </test-method> <!-- runScenario -->
        <test-method signature="runScenario(io.cucumber.testng.PickleWrapper,io.cucumber.testng.FeatureWrapper)[pri:0, instance:com.automation.runners.SalesforceRunner@dd05255]" started-at="2024-02-24T15:49:08 EST" name="runScenario" description="Runs Cucumber Scenarios" data-provider="scenarios" finished-at="2024-02-24T15:49:08 EST" duration-ms="13" status="PASS">
          <params>
            <param index="0">
              <value>
                <![CDATA["login to salesforce with invalid username and invalid password"]]>
              </value>
            </param>
            <param index="1">
              <value>
                <![CDATA["implementing salesforce login"]]>
              </value>
            </param>
          </params>
          <reporter-output>
          </reporter-output>
        </test-method> <!-- runScenario -->
        <test-method is-config="true" signature="tearDownClass()[pri:0, instance:com.automation.runners.SalesforceRunner@dd05255]" started-at="2024-02-24T15:49:08 EST" name="tearDownClass" finished-at="2024-02-24T15:49:08 EST" duration-ms="24" status="PASS">
          <reporter-output>
          </reporter-output>
        </test-method> <!-- tearDownClass -->
      </class> <!-- com.automation.runners.SalesforceRunner -->
    </test> <!-- Default test -->
  </suite> <!-- Default suite -->
</testng-results>
